<?xml version="1.0" encoding="UTF-8"?>
<!-- Generated by org.testng.reporters.JUnitXMLReporter -->
<testsuite ignored="0" hostname="DESKTOP-QQ6U54R" failures="0" tests="3" name="Default test" time="12.55" errors="0" timestamp="2023-12-05T20:22:10 IST">
  <testcase classname="API_restAssured.ReadDataFromExcel" name="dataForPostFromExcel" time="7.201"/>
  <testcase classname="API_restAssured.ReadDataFromExcel" name="dataForPostFromExcel" time="0.586"/>
  <testcase classname="API_restAssured.ReadDataFromExcel" name="dataForPostFromExcel" time="0.513"/>
</testsuite> <!-- Default test -->
